help.are
librom.are
clanhall.are
juden.are
limbo.are
plains.are
ofcol2.are
olympus.are
air.are
shire.are
morgue.are
immort.are
midgaard.are
hitower.are
gnome.are
wyvern.are
catacomb.are
hood.are
draconia.are
mahntor.are
trollden.are
chapel.are
midennir.are
grave.are
school.are
camelot.are
moria.are
eastern.are
drow.are
thalos.are
mirror.are
ofcol.are
arachnos.are
haon.are
dwarven.are
daycare.are
quifael.are
sewer.are
astral.are
valley.are
redferne.are
mega1.are
marsh.are
dream.are
pyramid.are
grove.are
nirvana.are
dylan.are
canyon.are
galaxy.are
mobfact.are
newthalos.are
tohell.are
divsouls.are
dark.are
drakyri.are
stonebow.are
sacrifice.are
pirate.are
fanatics.are
immrooms.are
mhotel.are
entwood.are
enrel.are
btrain.are
umbar.are
mook.are
umbarg.are
nschool.are
seaexten.are
nornir.are
norfor.are
desp.are
zhylla.are
path.are
direm.are
zeke.are
decoheig.are
museum.are
castle.are
raiden.are
augustus.are
shadowva.are
portal.are
unknown.are
bandor.are
dartone.are
kaz.are
$
